2025-09-14 17:12:09 ERROR ServerLogger - Загрузочный файл не найден!
2025-09-14 17:12:09 INFO  App - Коллекция успешно загружена.
2025-09-14 17:12:09 INFO  App - Коллекция успешно загружена.
2025-09-14 17:12:09 ERROR ServerLogger - Загрузочный файл не может быть открыт!
2025-09-14 17:12:09 INFO  App - Коллекция успешно сохранена.
2025-09-14 17:12:09 INFO  App - Коллекция успешно сохранена.
2025-09-14 18:26:00 ERROR ServerLogger - Загрузочный файл не найден!
2025-09-14 18:26:00 INFO  ServerApp - Коллекция успешно загружена.
2025-09-14 18:26:00 INFO  ServerApp - Коллекция успешно загружена.
2025-09-14 18:26:00 INFO  ServerApp - Все загруженные объекты валидны.
2025-09-14 18:26:00 INFO  ServerApp - Все загруженные объекты валидны.
2025-09-14 18:26:24 INFO  ServerApp - Коллекция успешно сохранена.
2025-09-14 18:26:24 INFO  ServerApp - Коллекция успешно сохранена.
2025-09-14 18:29:01 INFO  ServerApp - Коллекция успешно сохранена.
2025-09-14 18:29:01 INFO  ServerApp - Коллекция успешно сохранена.
2025-09-14 18:30:41 INFO  ServerApp - Коллекция успешно загружена.
2025-09-14 18:30:41 INFO  ServerApp - Коллекция успешно загружена.
2025-09-14 18:30:41 INFO  ServerApp - Все загруженные объекты валидны.
2025-09-14 18:30:41 INFO  ServerApp - Все загруженные объекты валидны.
2025-09-14 18:31:05 INFO  ServerApp - Коллекция успешно сохранена.
2025-09-14 18:31:05 INFO  ServerApp - Коллекция успешно сохранена.
2025-09-14 18:34:41 INFO  ServerApp - Коллекция успешно сохранена.
2025-09-14 18:34:41 INFO  ServerApp - Коллекция успешно сохранена.
2025-09-14 18:34:42 INFO  ServerApp - Коллекция успешно загружена.
2025-09-14 18:34:42 INFO  ServerApp - Коллекция успешно загружена.
2025-09-14 18:34:42 INFO  ServerApp - Все загруженные объекты валидны.
2025-09-14 18:34:42 INFO  ServerApp - Все загруженные объекты валидны.
2025-09-14 18:34:58 INFO  ServerApp - Коллекция успешно сохранена.
2025-09-14 18:34:58 INFO  ServerApp - Коллекция успешно сохранена.
2025-09-14 18:48:15 INFO  ServerApp - Коллекция успешно сохранена.
2025-09-14 18:48:15 INFO  ServerApp - Коллекция успешно сохранена.
2025-09-14 18:48:17 INFO  ServerApp - Коллекция успешно загружена.
2025-09-14 18:48:17 INFO  ServerApp - Коллекция успешно загружена.
2025-09-14 18:48:17 INFO  ServerApp - Все загруженные объекты валидны.
2025-09-14 18:48:17 INFO  ServerApp - Все загруженные объекты валидны.
2025-09-14 18:48:43 INFO  ServerApp - Коллекция успешно сохранена.
2025-09-14 18:48:43 INFO  ServerApp - Коллекция успешно сохранена.
2025-09-14 18:48:58 INFO  ServerApp - Коллекция успешно сохранена.
2025-09-14 18:48:58 INFO  ServerApp - Коллекция успешно сохранена.
2025-09-14 19:05:17 INFO  ServerApp - Коллекция успешно загружена.
2025-09-14 19:05:17 INFO  ServerApp - Коллекция успешно загружена.
2025-09-14 19:05:17 INFO  ServerApp - Все загруженные объекты валидны.
2025-09-14 19:05:17 INFO  ServerApp - Все загруженные объекты валидны.
2025-09-14 19:07:49 INFO  ServerApp - Коллекция успешно сохранена.
2025-09-14 19:07:49 INFO  ServerApp - Коллекция успешно сохранена.
2025-09-14 19:08:38 INFO  ServerApp - Коллекция успешно сохранена.
2025-09-14 19:08:38 INFO  ServerApp - Коллекция успешно сохранена.
2025-09-14 19:08:44 INFO  ServerApp - Коллекция успешно сохранена.
2025-09-14 19:08:44 INFO  ServerApp - Коллекция успешно сохранена.
2025-09-14 19:08:49 INFO  ServerApp - Коллекция успешно сохранена.
2025-09-14 19:08:49 INFO  ServerApp - Коллекция успешно сохранена.
2025-09-14 19:10:30 INFO  ServerApp - Коллекция успешно сохранена.
2025-09-14 19:10:30 INFO  ServerApp - Коллекция успешно сохранена.
2025-09-14 19:10:34 INFO  ServerApp - Коллекция успешно сохранена.
2025-09-14 19:10:34 INFO  ServerApp - Коллекция успешно сохранена.
2025-09-14 19:11:28 INFO  ServerApp - Коллекция успешно сохранена.
2025-09-14 19:11:28 INFO  ServerApp - Коллекция успешно сохранена.
2025-09-14 19:11:37 INFO  ServerApp - Коллекция успешно сохранена.
2025-09-14 19:11:37 INFO  ServerApp - Коллекция успешно сохранена.
2025-09-14 19:11:52 INFO  ServerApp - Коллекция успешно сохранена.
2025-09-14 19:11:52 INFO  ServerApp - Коллекция успешно сохранена.
2025-09-14 19:11:55 INFO  ServerApp - Коллекция успешно сохранена.
2025-09-14 19:11:55 INFO  ServerApp - Коллекция успешно сохранена.
2025-09-14 19:12:44 INFO  ServerApp - Коллекция успешно сохранена.
2025-09-14 19:12:44 INFO  ServerApp - Коллекция успешно сохранена.
2025-09-14 19:12:48 INFO  ServerApp - Коллекция успешно сохранена.
2025-09-14 19:12:48 INFO  ServerApp - Коллекция успешно сохранена.
2025-09-14 19:13:11 INFO  ServerApp - Коллекция успешно сохранена.
2025-09-14 19:13:11 INFO  ServerApp - Коллекция успешно сохранена.
